0 info it worked if it ends with ok
1 verbose cli [ 'node', '/usr/local/bin/npm', 'install', 'zlib' ]
2 info using npm@1.4.14
3 info using node@v0.10.29
4 verbose cache add [ 'zlib', null ]
5 verbose cache add name=undefined spec="zlib" args=["zlib",null]
6 verbose parsed url { protocol: null,
6 verbose parsed url   slashes: null,
6 verbose parsed url   auth: null,
6 verbose parsed url   host: null,
6 verbose parsed url   port: null,
6 verbose parsed url   hostname: null,
6 verbose parsed url   hash: null,
6 verbose parsed url   search: null,
6 verbose parsed url   query: null,
6 verbose parsed url   pathname: 'zlib',
6 verbose parsed url   path: 'zlib',
6 verbose parsed url   href: 'zlib' }
7 silly lockFile 57968f12-zlib zlib
8 verbose lock zlib /Users/Madole/.npm/57968f12-zlib.lock
9 silly lockFile 57968f12-zlib zlib
10 silly lockFile 57968f12-zlib zlib
11 verbose addNamed [ 'zlib', '' ]
12 verbose addNamed [ null, '*' ]
13 silly lockFile f86964f4-zlib zlib@
14 verbose lock zlib@ /Users/Madole/.npm/f86964f4-zlib.lock
15 silly addNameRange { name: 'zlib', range: '*', hasData: false }
16 verbose registry.get zlib not expired, no request
17 silly addNameRange number 2 { name: 'zlib', range: '*', hasData: true }
18 silly addNameRange versions [ 'zlib',
18 silly addNameRange   [ '1.0.0', '1.0.1', '1.0.2', '1.0.3', '1.0.4', '1.0.5' ] ]
19 verbose addNamed [ 'zlib', '1.0.5' ]
20 verbose addNamed [ '1.0.5', '1.0.5' ]
21 silly lockFile 024ae364-zlib-1-0-5 zlib@1.0.5
22 verbose lock zlib@1.0.5 /Users/Madole/.npm/024ae364-zlib-1-0-5.lock
23 silly lockFile 024ae364-zlib-1-0-5 zlib@1.0.5
24 silly lockFile 024ae364-zlib-1-0-5 zlib@1.0.5
25 silly lockFile f86964f4-zlib zlib@
26 silly lockFile f86964f4-zlib zlib@
27 silly resolved [ { name: 'zlib',
27 silly resolved     description: 'Simple, synchronous deflate/inflate for buffers',
27 silly resolved     version: '1.0.5',
27 silly resolved     homepage: 'https://github.com/kkaefer/node-zlib',
27 silly resolved     author: { name: 'Konstantin Käfer', email: 'kkaefer@gmail.com' },
27 silly resolved     repository: { type: 'git', url: 'git://github.com/kkaefer/node-zlib.git' },
27 silly resolved     engines: { node: '>=0.2.0' },
27 silly resolved     licenses: [ [Object] ],
27 silly resolved     main: './lib/zlib',
27 silly resolved     _npmJsonOpts:
27 silly resolved      { file: '/Users/kkaefer/.npm/zlib/1.0.5/package/package.json',
27 silly resolved        contributors: false,
27 silly resolved        serverjs: false,
27 silly resolved        wscript: true },
27 silly resolved     _id: 'zlib@1.0.5',
27 silly resolved     scripts: { preinstall: 'node-waf clean || true; node-waf configure build' },
27 silly resolved     dependencies: {},
27 silly resolved     devDependencies: {},
27 silly resolved     _engineSupported: true,
27 silly resolved     _npmVersion: '1.0.23',
27 silly resolved     _nodeVersion: 'v0.4.9',
27 silly resolved     _defaultsLoaded: true,
27 silly resolved     dist:
27 silly resolved      { shasum: '6e7c972fc371c645a6afb03ab14769def114fcc0',
27 silly resolved        tarball: 'http://registry.npmjs.org/zlib/-/zlib-1.0.5.tgz' },
27 silly resolved     maintainers: [ [Object], [Object], [Object], [Object], [Object] ],
27 silly resolved     directories: {},
27 silly resolved     _shasum: '6e7c972fc371c645a6afb03ab14769def114fcc0',
27 silly resolved     _from: 'zlib@',
27 silly resolved     _resolved: 'https://registry.npmjs.org/zlib/-/zlib-1.0.5.tgz',
27 silly resolved     bugs: { url: 'https://github.com/kkaefer/node-zlib/issues' },
27 silly resolved     readme: 'ERROR: No README data found!' } ]
28 info install zlib@1.0.5 into /Users/Madole/Code/NodeSchool/StreamAdventure
29 info installOne zlib@1.0.5
30 info /Users/Madole/Code/NodeSchool/StreamAdventure/node_modules/zlib unbuild
31 verbose tar unpack /Users/Madole/.npm/zlib/1.0.5/package.tgz
32 silly lockFile 33d6d81d-treamAdventure-node-modules-zlib tar:///Users/Madole/Code/NodeSchool/StreamAdventure/node_modules/zlib
33 verbose lock tar:///Users/Madole/Code/NodeSchool/StreamAdventure/node_modules/zlib /Users/Madole/.npm/33d6d81d-treamAdventure-node-modules-zlib.lock
34 silly lockFile 98d5555c-adole-npm-zlib-1-0-5-package-tgz tar:///Users/Madole/.npm/zlib/1.0.5/package.tgz
35 verbose lock tar:///Users/Madole/.npm/zlib/1.0.5/package.tgz /Users/Madole/.npm/98d5555c-adole-npm-zlib-1-0-5-package-tgz.lock
36 silly gunzTarPerm modes [ '755', '644' ]
37 silly gunzTarPerm extractEntry .gitignore
38 silly gunzTarPerm extractEntry configure
39 silly gunzTarPerm extractEntry index.js
40 silly gunzTarPerm extractEntry LICENSE
41 silly gunzTarPerm extractEntry Makefile
42 silly gunzTarPerm extractEntry package.json
43 silly gunzTarPerm extractEntry README.md
44 silly gunzTarPerm extractEntry wscript
45 silly gunzTarPerm extractEntry lib/zlib.js
46 silly gunzTarPerm extractEntry src/node-zlib.cc
47 silly gunzTarPerm extractEntry test/deflate.test.js
48 silly gunzTarPerm extractEntry test/inflate.test.js
49 silly lockFile 33d6d81d-treamAdventure-node-modules-zlib tar:///Users/Madole/Code/NodeSchool/StreamAdventure/node_modules/zlib
50 silly lockFile 33d6d81d-treamAdventure-node-modules-zlib tar:///Users/Madole/Code/NodeSchool/StreamAdventure/node_modules/zlib
51 silly lockFile 98d5555c-adole-npm-zlib-1-0-5-package-tgz tar:///Users/Madole/.npm/zlib/1.0.5/package.tgz
52 silly lockFile 98d5555c-adole-npm-zlib-1-0-5-package-tgz tar:///Users/Madole/.npm/zlib/1.0.5/package.tgz
53 info preinstall zlib@1.0.5
54 verbose unsafe-perm in lifecycle false
55 info zlib@1.0.5 Failed to exec preinstall script
56 info /Users/Madole/Code/NodeSchool/StreamAdventure/node_modules/zlib unbuild
57 info preuninstall zlib@1.0.5
58 info uninstall zlib@1.0.5
59 verbose true,/Users/Madole/Code/NodeSchool/StreamAdventure/node_modules,/Users/Madole/Code/NodeSchool/StreamAdventure/node_modules unbuild zlib@1.0.5
60 info postuninstall zlib@1.0.5
61 error zlib@1.0.5 preinstall: `node-waf clean || true; node-waf configure build`
61 error Exit status 127
62 error Failed at the zlib@1.0.5 preinstall script.
62 error This is most likely a problem with the zlib package,
62 error not with npm itself.
62 error Tell the author that this fails on your system:
62 error     node-waf clean || true; node-waf configure build
62 error You can get their info via:
62 error     npm owner ls zlib
62 error There is likely additional logging output above.
63 error System Darwin 13.3.0
64 error command "node" "/usr/local/bin/npm" "install" "zlib"
65 error cwd /Users/Madole/Code/NodeSchool/StreamAdventure
66 error node -v v0.10.29
67 error npm -v 1.4.14
68 error code ELIFECYCLE
69 verbose exit [ 1, true ]
